<?xml version="1.0" encoding="UTF-8"?>
<!-- Generated by org.testng.reporters.JUnitXMLReporter -->
<testsuite ignored="0" hostname="Ajays-Laptop" failures="1" tests="4" name="TC_001" time="4.546" errors="0" timestamp="2023-09-20T10:23:16 IST">
  <testcase classname="org.automation.orangeHrm.TC_Login" name="TC_LoginTest" time="3.37">
    <failure type="org.openqa.selenium.NoSuchSessionException" message="Session ID is null. Using WebDriver after calling quit()?
Build info: version: &amp;apos;4.10.0&amp;apos;, revision: &amp;apos;c14d967899&amp;apos;
System info: os.name: &amp;apos;Windows 11&amp;apos;, os.arch: &amp;apos;amd64&amp;apos;, os.version: &amp;apos;10.0&amp;apos;, java.version: &amp;apos;20.0.1&amp;apos;
Driver info: org.openqa.selenium.chrome.ChromeDriver
Command: [null, getTitle {}]
Capabilities {acceptInsecureCerts: false, browserName: chrome, browserVersion: 116.0.5845.188, chrome: {chromedriverVersion: 116.0.5845.96 (1a3918166880..., userDataDir: C:\Users\AJAY\AppData\Local...}, fedcm:accounts: true, goog:chromeOptions: {debuggerAddress: localhost:57503}, networkConnectionEnabled: false, pageLoadStrategy: normal, platformName: windows, proxy: Proxy(), se:cdp: ws://localhost:57503/devtoo..., se:cdpVersion: 116.0.5845.188, setWindowRect: true, strictFileInteractability: false, timeouts: {implicit: 0, pageLoad: 300000, script: 30000}, unhandledPromptBehavior: dismiss and notify, webauthn:extension:credBlob: true, webauthn:extension:largeBlob: true, webauthn:extension:minPinLength: true, webauthn:extension:prf: true, webauthn:virtualAuthenticators: true}">
      <![CDATA[org.openqa.selenium.NoSuchSessionException: Session ID is null. Using WebDriver after calling quit()?
Build info: version: '4.10.0', revision: 'c14d967899'
System info: os.name: 'Windows 11', os.arch: 'amd64', os.version: '10.0', java.version: '20.0.1'
Driver info: org.openqa.selenium.chrome.ChromeDriver
Command: [null, getTitle {}]
Capabilities {acceptInsecureCerts: false, browserName: chrome, browserVersion: 116.0.5845.188, chrome: {chromedriverVersion: 116.0.5845.96 (1a3918166880..., userDataDir: C:\Users\AJAY\AppData\Local...}, fedcm:accounts: true, goog:chromeOptions: {debuggerAddress: localhost:57503}, networkConnectionEnabled: false, pageLoadStrategy: normal, platformName: windows, proxy: Proxy(), se:cdp: ws://localhost:57503/devtoo..., se:cdpVersion: 116.0.5845.188, setWindowRect: true, strictFileInteractability: false, timeouts: {implicit: 0, pageLoad: 300000, script: 30000}, unhandledPromptBehavior: dismiss and notify, webauthn:extension:credBlob: true, webauthn:extension:largeBlob: true, webauthn:extension:minPinLength: true, webauthn:extension:prf: true, webauthn:virtualAuthenticators: true}
at org.openqa.selenium.remote.HttpCommandExecutor.execute(HttpCommandExecutor.java:152)
at org.openqa.selenium.remote.service.DriverCommandExecutor.invokeExecute(DriverCommandExecutor.java:196)
at org.openqa.selenium.remote.service.DriverCommandExecutor.execute(DriverCommandExecutor.java:171)
at org.openqa.selenium.remote.RemoteWebDriver.execute(RemoteWebDriver.java:531)
at org.openqa.selenium.remote.RemoteWebDriver.execute(RemoteWebDriver.java:590)
at org.openqa.selenium.remote.RemoteWebDriver.execute(RemoteWebDriver.java:594)
at org.openqa.selenium.remote.RemoteWebDriver.getTitle(RemoteWebDriver.java:300)
at org.openqa.selenium.support.ui.ExpectedConditions$1.apply(ExpectedConditions.java:55)
at org.openqa.selenium.support.ui.ExpectedConditions$1.apply(ExpectedConditions.java:50)
at org.openqa.selenium.support.ui.FluentWait.until(FluentWait.java:205)
at org.automation.pages.orangeHrm.LoginPage.launchApplication(LoginPage.java:34)
at org.automation.orangeHrm.TC_Login.TC_LoginTest(TC_Login.java:87)
at java.base/java.util.ArrayList.forEach(ArrayList.java:1511)
at org.automation.TestRunner.main(TestRunner.java:25)
... Removed 23 stack frames]]>
    </failure>
  </testcase> <!-- TC_LoginTest -->
  <testcase classname="org.automation.orangeHrm.TC_Login" name="TC_LoginTest" time="0.001">
    <skipped/>
  </testcase> <!-- TC_LoginTest -->
  <testcase classname="org.automation.orangeHrm.TC_Login" name="TC_LoginTest" time="0.0">
    <skipped/>
  </testcase> <!-- TC_LoginTest -->
  <testcase classname="org.automation.orangeHrm.TC_Login" name="TC_LoginTest" time="0.0">
    <skipped/>
  </testcase> <!-- TC_LoginTest -->
</testsuite> <!-- TC_001 -->
