<!DOCTYPE html PUBLIC "-//W3C//DTD XHTML 1.1//EN" "https://www.w3.org/TR/xhtml11/DTD/xhtml11.dtd">
<html xmlns="https://www.w3.org/1999/xhtml">
<head>
<meta http-equiv="content-type" content="text/html; charset=UTF-8"/>
<title>TestNG Report</title>
<style type="text/css">table {margin-bottom:10px;border-collapse:collapse;empty-cells:show}th,td {border:1px solid #009;padding:.25em .5em}th {vertical-align:bottom}td {vertical-align:top}table a {font-weight:bold}.stripe td {background-color: #E6EBF9}.num {text-align:right}.passedodd td {background-color: #3F3}.passedeven td {background-color: #0A0}.skippedodd td {background-color: #DDD}.skippedeven td {background-color: #CCC}.failedodd td,.attn {background-color: #F33}.failedeven td,.stripe .attn {background-color: #D00}.stacktrace {white-space:pre;font-family:monospace}.totop {font-size:85%;text-align:center;border-bottom:2px solid #000}.invisible {display:none}</style>
</head>
<body>
<table>
<tr><th>Test</th><th># Passed</th><th># Skipped</th><th># Retried</th><th># Failed</th><th>Time (ms)</th><th>Included Groups</th><th>Excluded Groups</th></tr>
<tr><th colspan="8">swagLabs</th></tr>
<tr><td><a href="#t0">TC_001</a></td><td class="num">0</td><td class="num attn">3</td><td class="num">0</td><td class="num attn">1</td><td class="num">4,258</td><td></td><td></td></tr>
<tr><th colspan="8">Automation Suite</th></tr>
<tr><th colspan="8">google</th></tr>
<tr class="stripe"><td><a href="#t1">TC_001</a></td><td class="num">1</td><td class="num">0</td><td class="num">0</td><td class="num">0</td><td class="num">7,323</td><td></td><td></td></tr>
<tr><th colspan="8">google (0)</th></tr>
<tr><td><a href="#t2">TC_001</a></td><td class="num">0</td><td class="num attn">3</td><td class="num">0</td><td class="num attn">1</td><td class="num">4,546</td><td></td><td></td></tr>
<tr><th>Total</th><th class="num">1</th><th class="num attn">6</th><th class="num">0</th><th class="num attn">2</th><th class="num">16,127</th><th colspan="2"></th></tr>
</table>
<table id='summary'><thead><tr><th>Class</th><th>Method</th><th>Start</th><th>Time (ms)</th></tr></thead><tbody><tr><th colspan="4">swagLabs</th></tr></tbody><tbody id="t0"><tr><th colspan="4">TC_001 &#8212; failed</th></tr><tr class="failedeven"><td rowspan="1">org.automation.swagLabs.TC_001</td><td><a href="#m0">TC_001Test</a></td><td rowspan="1">1695185587607</td><td rowspan="1">3067</td></tr><tr><th colspan="4">TC_001 &#8212; skipped</th></tr><tr class="skippedeven"><td rowspan="3">org.automation.swagLabs.TC_001</td><td><a href="#m1">TC_001Test</a></td><td rowspan="3">1695185591849</td><td rowspan="3">0</td></tr><tr class="skippedeven"><td><a href="#m2">TC_001Test</a></td></tr><tr class="skippedeven"><td><a href="#m3">TC_001Test</a></td></tr></tbody>
<tbody><tr><th colspan="4">Automation Suite</th></tr></tbody><tbody><tr><th colspan="4">google</th></tr></tbody><tbody id="t1"><tr><th colspan="4">TC_001 &#8212; passed</th></tr><tr class="passedeven"><td rowspan="1">org.automation.googleHome.TSL_Google</td><td><a href="#m4">TSL_GoogleTest</a></td><td rowspan="1">1695185579476</td><td rowspan="1">5825</td></tr></tbody>
<tbody><tr><th colspan="4">google (0)</th></tr></tbody><tbody id="t2"><tr><th colspan="4">TC_001 &#8212; failed</th></tr><tr class="failedeven"><td rowspan="1">org.automation.orangeHrm.TC_Login</td><td><a href="#m5">TC_LoginTest</a></td><td rowspan="1">1695185591947</td><td rowspan="1">3370</td></tr><tr><th colspan="4">TC_001 &#8212; skipped</th></tr><tr class="skippedeven"><td rowspan="3">org.automation.orangeHrm.TC_Login</td><td><a href="#m6">TC_LoginTest</a></td><td rowspan="3">1695185596478</td><td rowspan="3">0</td></tr><tr class="skippedeven"><td><a href="#m7">TC_LoginTest</a></td></tr><tr class="skippedeven"><td><a href="#m8">TC_LoginTest</a></td></tr></tbody>
</table>
<h2>TC_001</h2><h3 id="m0">org.automation.swagLabs.TC_001#TC_001Test</h3><table class="result"><tr class="param"><th>Parameter #1</th><th>Parameter #2</th><th>Parameter #3</th></tr><tr class="param stripe"><td>1</td><td>TC_001</td><td>asas</td></tr><tr><th colspan="3">Exception</th></tr><tr><td colspan="3"><div class="stacktrace">org.openqa.selenium.NoSuchElementException: no such element: Unable to locate element: {&quot;method&quot;:&quot;xpath&quot;,&quot;selector&quot;:&quot;//*[text()=&apos;Open Menu&apos;]&quot;}
  (Session info: chrome=116.0.5845.188)
For documentation on this error, please visit: https://www.selenium.dev/documentation/webdriver/troubleshooting/errors#no-such-element-exception
Build info: version: &apos;4.10.0&apos;, revision: &apos;c14d967899&apos;
System info: os.name: &apos;Windows 11&apos;, os.arch: &apos;amd64&apos;, os.version: &apos;10.0&apos;, java.version: &apos;20.0.1&apos;
Driver info: org.openqa.selenium.chrome.ChromeDriver
Command: [5b398322e4b55dfc7d3e94aa9ca10667, findElement {using=xpath, value=//*[text()=&apos;Open Menu&apos;]}]
Capabilities {acceptInsecureCerts: false, browserName: chrome, browserVersion: 116.0.5845.188, chrome: {chromedriverVersion: 116.0.5845.96 (1a3918166880..., userDataDir: C:\Users\AJAY\AppData\Local...}, fedcm:accounts: true, goog:chromeOptions: {debuggerAddress: localhost:57546}, networkConnectionEnabled: false, pageLoadStrategy: normal, platformName: windows, proxy: Proxy(), se:cdp: ws://localhost:57546/devtoo..., se:cdpVersion: 116.0.5845.188, setWindowRect: true, strictFileInteractability: false, timeouts: {implicit: 0, pageLoad: 300000, script: 30000}, unhandledPromptBehavior: dismiss and notify, webauthn:extension:credBlob: true, webauthn:extension:largeBlob: true, webauthn:extension:minPinLength: true, webauthn:extension:prf: true, webauthn:virtualAuthenticators: true}
Session ID: 5b398322e4b55dfc7d3e94aa9ca10667
	at org.openqa.selenium.remote.codec.w3c.W3CHttpResponseCodec.createException(W3CHttpResponseCodec.java:199)
	at org.openqa.selenium.remote.codec.w3c.W3CHttpResponseCodec.decode(W3CHttpResponseCodec.java:132)
	at org.openqa.selenium.remote.codec.w3c.W3CHttpResponseCodec.decode(W3CHttpResponseCodec.java:51)
	at org.openqa.selenium.remote.HttpCommandExecutor.execute(HttpCommandExecutor.java:191)
	at org.openqa.selenium.remote.service.DriverCommandExecutor.invokeExecute(DriverCommandExecutor.java:196)
	at org.openqa.selenium.remote.service.DriverCommandExecutor.execute(DriverCommandExecutor.java:171)
	at org.openqa.selenium.remote.RemoteWebDriver.execute(RemoteWebDriver.java:531)
	at org.openqa.selenium.remote.ElementLocation$ElementFinder$2.findElement(ElementLocation.java:165)
	at org.openqa.selenium.remote.ElementLocation.findElement(ElementLocation.java:59)
	at org.openqa.selenium.remote.RemoteWebDriver.findElement(RemoteWebDriver.java:350)
	at org.openqa.selenium.remote.RemoteWebDriver.findElement(RemoteWebDriver.java:344)
	at org.automation.swagLabs.TC_001.TC_001Test(TC_001.java:95)
	at java.base/java.util.ArrayList.forEach(ArrayList.java:1511)
	at org.automation.TestRunner.main(TestRunner.java:25)
... Removed 26 stack frames</div></td></tr></table><p class="totop"><a href="#summary">back to summary</a></p>
<h3 id="m1">org.automation.swagLabs.TC_001#TC_001Test</h3><table class="result"><tr class="param"><th>Parameter #1</th><th>Parameter #2</th><th>Parameter #3</th></tr><tr class="param stripe"><td>3</td><td>TC_003</td><td>asas</td></tr><tr><th colspan="3">Exception</th></tr><tr><td colspan="3"><div class="stacktrace">org.testng.SkipException: DataToRun for row number 2 is NO or Blank. So skipping the execution
	at org.automation.swagLabs.TC_001.TC_001Test(TC_001.java:82)
	at java.base/java.util.ArrayList.forEach(ArrayList.java:1511)
	at org.automation.TestRunner.main(TestRunner.java:25)
... Removed 23 stack frames</div></td></tr></table><p class="totop"><a href="#summary">back to summary</a></p>
<h3 id="m2">org.automation.swagLabs.TC_001#TC_001Test</h3><table class="result"><tr class="param"><th>Parameter #1</th><th>Parameter #2</th><th>Parameter #3</th></tr><tr class="param stripe"><td>2</td><td>TC_002</td><td>asas</td></tr><tr><th colspan="3">Exception</th></tr><tr><td colspan="3"><div class="stacktrace">org.testng.SkipException: DataToRun for row number 1 is NO or Blank. So skipping the execution
	at org.automation.swagLabs.TC_001.TC_001Test(TC_001.java:82)
	at java.base/java.util.ArrayList.forEach(ArrayList.java:1511)
	at org.automation.TestRunner.main(TestRunner.java:25)
... Removed 23 stack frames</div></td></tr></table><p class="totop"><a href="#summary">back to summary</a></p>
<h3 id="m3">org.automation.swagLabs.TC_001#TC_001Test</h3><table class="result"><tr class="param"><th>Parameter #1</th><th>Parameter #2</th><th>Parameter #3</th></tr><tr class="param stripe"><td>4</td><td>TC_004</td><td>asas</td></tr><tr><th colspan="3">Exception</th></tr><tr><td colspan="3"><div class="stacktrace">org.testng.SkipException: DataToRun for row number 3 is NO or Blank. So skipping the execution
	at org.automation.swagLabs.TC_001.TC_001Test(TC_001.java:82)
	at java.base/java.util.ArrayList.forEach(ArrayList.java:1511)
	at org.automation.TestRunner.main(TestRunner.java:25)
... Removed 23 stack frames</div></td></tr></table><p class="totop"><a href="#summary">back to summary</a></p>
<h2>TC_001</h2><h3 id="m4">org.automation.googleHome.TSL_Google#TSL_GoogleTest</h3><table class="result"><tr class="param"><th>Parameter #1</th><th>Parameter #2</th><th>Parameter #3</th></tr><tr class="param stripe"><td>1</td><td>TC_001</td><td>asas</td></tr><tr><th colspan="3">Messages</th></tr><tr><td colspan="3"><div class="messages">Passed TSL_Google</div></td></tr></table><p class="totop"><a href="#summary">back to summary</a></p>
<h2>TC_001</h2><h3 id="m5">org.automation.orangeHrm.TC_Login#TC_LoginTest</h3><table class="result"><tr class="param"><th>Parameter #1</th><th>Parameter #2</th></tr><tr class="param stripe"><td>1</td><td>TC_Login</td></tr><tr><th colspan="2">Exception</th></tr><tr><td colspan="2"><div class="stacktrace">org.openqa.selenium.NoSuchSessionException: Session ID is null. Using WebDriver after calling quit()?
Build info: version: &apos;4.10.0&apos;, revision: &apos;c14d967899&apos;
System info: os.name: &apos;Windows 11&apos;, os.arch: &apos;amd64&apos;, os.version: &apos;10.0&apos;, java.version: &apos;20.0.1&apos;
Driver info: org.openqa.selenium.chrome.ChromeDriver
Command: [null, getTitle {}]
Capabilities {acceptInsecureCerts: false, browserName: chrome, browserVersion: 116.0.5845.188, chrome: {chromedriverVersion: 116.0.5845.96 (1a3918166880..., userDataDir: C:\Users\AJAY\AppData\Local...}, fedcm:accounts: true, goog:chromeOptions: {debuggerAddress: localhost:57503}, networkConnectionEnabled: false, pageLoadStrategy: normal, platformName: windows, proxy: Proxy(), se:cdp: ws://localhost:57503/devtoo..., se:cdpVersion: 116.0.5845.188, setWindowRect: true, strictFileInteractability: false, timeouts: {implicit: 0, pageLoad: 300000, script: 30000}, unhandledPromptBehavior: dismiss and notify, webauthn:extension:credBlob: true, webauthn:extension:largeBlob: true, webauthn:extension:minPinLength: true, webauthn:extension:prf: true, webauthn:virtualAuthenticators: true}
	at org.openqa.selenium.remote.HttpCommandExecutor.execute(HttpCommandExecutor.java:152)
	at org.openqa.selenium.remote.service.DriverCommandExecutor.invokeExecute(DriverCommandExecutor.java:196)
	at org.openqa.selenium.remote.service.DriverCommandExecutor.execute(DriverCommandExecutor.java:171)
	at org.openqa.selenium.remote.RemoteWebDriver.execute(RemoteWebDriver.java:531)
	at org.openqa.selenium.remote.RemoteWebDriver.execute(RemoteWebDriver.java:590)
	at org.openqa.selenium.remote.RemoteWebDriver.execute(RemoteWebDriver.java:594)
	at org.openqa.selenium.remote.RemoteWebDriver.getTitle(RemoteWebDriver.java:300)
	at org.openqa.selenium.support.ui.ExpectedConditions$1.apply(ExpectedConditions.java:55)
	at org.openqa.selenium.support.ui.ExpectedConditions$1.apply(ExpectedConditions.java:50)
	at org.openqa.selenium.support.ui.FluentWait.until(FluentWait.java:205)
	at org.automation.pages.orangeHrm.LoginPage.launchApplication(LoginPage.java:34)
	at org.automation.orangeHrm.TC_Login.TC_LoginTest(TC_Login.java:87)
	at java.base/java.util.ArrayList.forEach(ArrayList.java:1511)
	at org.automation.TestRunner.main(TestRunner.java:25)
... Removed 23 stack frames</div></td></tr></table><p class="totop"><a href="#summary">back to summary</a></p>
<h3 id="m6">org.automation.orangeHrm.TC_Login#TC_LoginTest</h3><table class="result"><tr class="param"><th>Parameter #1</th><th>Parameter #2</th></tr><tr class="param stripe"><td>3</td><td>TC_003</td></tr><tr><th colspan="2">Exception</th></tr><tr><td colspan="2"><div class="stacktrace">org.testng.SkipException: DataToRun for row number 2 is NO or Blank. So skipping the execution
	at org.automation.orangeHrm.TC_Login.TC_LoginTest(TC_Login.java:80)
	at java.base/java.util.ArrayList.forEach(ArrayList.java:1511)
	at org.automation.TestRunner.main(TestRunner.java:25)
... Removed 23 stack frames</div></td></tr></table><p class="totop"><a href="#summary">back to summary</a></p>
<h3 id="m7">org.automation.orangeHrm.TC_Login#TC_LoginTest</h3><table class="result"><tr class="param"><th>Parameter #1</th><th>Parameter #2</th></tr><tr class="param stripe"><td>2</td><td>TC_002</td></tr><tr><th colspan="2">Exception</th></tr><tr><td colspan="2"><div class="stacktrace">org.testng.SkipException: DataToRun for row number 1 is NO or Blank. So skipping the execution
	at org.automation.orangeHrm.TC_Login.TC_LoginTest(TC_Login.java:80)
	at java.base/java.util.ArrayList.forEach(ArrayList.java:1511)
	at org.automation.TestRunner.main(TestRunner.java:25)
... Removed 23 stack frames</div></td></tr></table><p class="totop"><a href="#summary">back to summary</a></p>
<h3 id="m8">org.automation.orangeHrm.TC_Login#TC_LoginTest</h3><table class="result"><tr class="param"><th>Parameter #1</th><th>Parameter #2</th></tr><tr class="param stripe"><td>4</td><td>TC_004</td></tr><tr><th colspan="2">Exception</th></tr><tr><td colspan="2"><div class="stacktrace">org.testng.SkipException: DataToRun for row number 3 is NO or Blank. So skipping the execution
	at org.automation.orangeHrm.TC_Login.TC_LoginTest(TC_Login.java:80)
	at java.base/java.util.ArrayList.forEach(ArrayList.java:1511)
	at org.automation.TestRunner.main(TestRunner.java:25)
... Removed 23 stack frames</div></td></tr></table><p class="totop"><a href="#summary">back to summary</a></p>
</body>
</html>
